<?xml version="1.0" encoding="UTF-8"?>
<testsuite name="StudentTest" tests="1" skipped="0" failures="0" errors="0" timestamp="2022-04-26T05:01:22" hostname="DESKTOP-SVI14O1" time="0.033">
  <properties/>
  <testcase name="testFullIdentificationSuccess()" classname="StudentTest" time="0.033"/>
  <system-out><![CDATA[]]></system-out>
  <system-err><![CDATA[]]></system-err>
</testsuite>
